This file contains any messages produced by compilers while
running configure, to aid debugging if configure makes a mistake.

It was created by shotgund configure 1.1.7, which was
generated by GNU Autoconf 2.59.  Invocation command line was

  $ ./configure 

## --------- ##
## Platform. ##
## --------- ##

hostname = intel-proto41.fox-den.com
uname -m = i386
uname -r = 4.1
uname -s = OpenBSD
uname -v = GENERIC#1435

/usr/bin/uname -p = Intel Pentium III ("GenuineIntel" 686-class)
/bin/uname -X     = unknown

/bin/arch              = unknown
/usr/bin/arch -k       = OpenBSD.i386
/usr/convex/getsysinfo = unknown
hostinfo               = unknown
/bin/machine           = unknown
/usr/bin/oslevel       = unknown
/bin/universe          = unknown

PATH: /home/oleksiyk/bin
PATH: /bin
PATH: /sbin
PATH: /usr/bin
PATH: /usr/sbin
PATH: /usr/X11R6/bin
PATH: /usr/local/bin
PATH: /usr/local/sbin
PATH: /usr/games
PATH: .


## ----------- ##
## Core tests. ##
## ----------- ##

configure:1620: checking build system type
configure:1638: result: i386-unknown-openbsd4.1
configure:1646: checking host system type
configure:1660: result: i386-unknown-openbsd4.1
configure:1714: checking for gcc
configure:1730: found /usr/bin/gcc
configure:1740: result: gcc
configure:1984: checking for C compiler version
configure:1987: gcc --version </dev/null >&5
gcc (GCC) 3.3.5 (propolice)
Copyright (C) 2003 Free Software Foundation, Inc.
This is free software; see the source for copying conditions.  There is NO
warranty; not even for MERCHANTABILITY or FITNESS FOR A PARTICULAR PURPOSE.

configure:1990: $? = 0
configure:1992: gcc -v </dev/null >&5
Reading specs from /usr/lib/gcc-lib/i386-unknown-openbsd4.1/3.3.5/specs
Configured with: 
Thread model: single
gcc version 3.3.5 (propolice)
configure:1995: $? = 0
configure:1997: gcc -V </dev/null >&5
gcc: `-V' option must have argument
configure:2000: $? = 1
configure:2023: checking for C compiler default output file name
configure:2026: gcc    conftest.c  >&5
configure:2029: $? = 0
configure:2075: result: a.out
configure:2080: checking whether the C compiler works
configure:2086: ./a.out
configure:2089: $? = 0
configure:2106: result: yes
configure:2113: checking whether we are cross compiling
configure:2115: result: no
configure:2118: checking for suffix of executables
configure:2120: gcc -o conftest    conftest.c  >&5
configure:2123: $? = 0
configure:2148: result: 
configure:2154: checking for suffix of object files
configure:2175: gcc -c   conftest.c >&5
configure:2178: $? = 0
configure:2200: result: o
configure:2204: checking whether we are using the GNU C compiler
configure:2228: gcc -c   conftest.c >&5
configure:2234: $? = 0
configure:2238: test -z 
			 || test ! -s conftest.err
configure:2241: $? = 0
configure:2244: test -s conftest.o
configure:2247: $? = 0
configure:2260: result: yes
configure:2266: checking whether gcc accepts -g
configure:2287: gcc -c -g  conftest.c >&5
configure:2293: $? = 0
configure:2297: test -z 
			 || test ! -s conftest.err
configure:2300: $? = 0
configure:2303: test -s conftest.o
configure:2306: $? = 0
configure:2317: result: yes
configure:2334: checking for gcc option to accept ANSI C
configure:2404: gcc  -c -g -O2  conftest.c >&5
configure:2410: $? = 0
configure:2414: test -z 
			 || test ! -s conftest.err
configure:2417: $? = 0
configure:2420: test -s conftest.o
configure:2423: $? = 0
configure:2441: result: none needed
configure:2459: gcc -c -g -O2  conftest.c >&5
conftest.c:2: error: syntax error before "me"
configure:2465: $? = 1
configure: failed program was:
| #ifndef __cplusplus
|   choke me
| #endif
configure:2598: checking for a sed that does not truncate output
configure:2652: result: /usr/bin/sed
configure:2655: checking for egrep
configure:2665: result: grep -E
configure:2681: checking for ld used by gcc
configure:2748: result: /usr/bin/ld
configure:2757: checking if the linker (/usr/bin/ld) is GNU ld
configure:2772: result: yes
configure:2777: checking for /usr/bin/ld option to reload object files
configure:2784: result: -r
configure:2802: checking for BSD-compatible nm
configure:2844: result: /usr/bin/nm -B
configure:2848: checking whether ln -s works
configure:2852: result: yes
configure:2859: checking how to recognise dependent libraries
configure:3031: result: match_pattern /lib[^/]+(\.so\.[0-9]+\.[0-9]+|\.so|_pic\.a)$
configure:3245: checking how to run the C preprocessor
configure:3280: gcc -E  conftest.c
configure:3286: $? = 0
configure:3318: gcc -E  conftest.c
conftest.c:9:28: ac_nonexistent.h: No such file or directory
configure:3324: $? = 1
configure: failed program was:
| /* confdefs.h.  */
| 
| #define PACKAGE_NAME "shotgund"
| #define PACKAGE_TARNAME "shotgund"
| #define PACKAGE_VERSION "1.1.7"
| #define PACKAGE_STRING "shotgund 1.1.7"
| #define PACKAGE_BUGREPORT "oleksiy@kharkiv.com.ua"
| /* end confdefs.h.  */
| #include <ac_nonexistent.h>
configure:3363: result: gcc -E
configure:3387: gcc -E  conftest.c
configure:3393: $? = 0
configure:3425: gcc -E  conftest.c
conftest.c:9:28: ac_nonexistent.h: No such file or directory
configure:3431: $? = 1
configure: failed program was:
| /* confdefs.h.  */
| 
| #define PACKAGE_NAME "shotgund"
| #define PACKAGE_TARNAME "shotgund"
| #define PACKAGE_VERSION "1.1.7"
| #define PACKAGE_STRING "shotgund 1.1.7"
| #define PACKAGE_BUGREPORT "oleksiy@kharkiv.com.ua"
| /* end confdefs.h.  */
| #include <ac_nonexistent.h>
configure:3475: checking for ANSI C header files
configure:3500: gcc -c -g -O2  conftest.c >&5
configure:3506: $? = 0
configure:3510: test -z 
			 || test ! -s conftest.err
configure:3513: $? = 0
configure:3516: test -s conftest.o
configure:3519: $? = 0
configure:3608: gcc -o conftest -g -O2   conftest.c  >&5
configure:3611: $? = 0
configure:3613: ./conftest
configure:3616: $? = 0
configure:3631: result: yes
configure:3655: checking for sys/types.h
configure:3671: gcc -c -g -O2  conftest.c >&5
configure:3677: $? = 0
configure:3681: test -z 
			 || test ! -s conftest.err
configure:3684: $? = 0
configure:3687: test -s conftest.o
configure:3690: $? = 0
configure:3701: result: yes
configure:3655: checking for sys/stat.h
configure:3671: gcc -c -g -O2  conftest.c >&5
configure:3677: $? = 0
configure:3681: test -z 
			 || test ! -s conftest.err
configure:3684: $? = 0
configure:3687: test -s conftest.o
configure:3690: $? = 0
configure:3701: result: yes
configure:3655: checking for stdlib.h
configure:3671: gcc -c -g -O2  conftest.c >&5
configure:3677: $? = 0
configure:3681: test -z 
			 || test ! -s conftest.err
configure:3684: $? = 0
configure:3687: test -s conftest.o
configure:3690: $? = 0
configure:3701: result: yes
configure:3655: checking for string.h
configure:3671: gcc -c -g -O2  conftest.c >&5
configure:3677: $? = 0
configure:3681: test -z 
			 || test ! -s conftest.err
configure:3684: $? = 0
configure:3687: test -s conftest.o
configure:3690: $? = 0
configure:3701: result: yes
configure:3655: checking for memory.h
configure:3671: gcc -c -g -O2  conftest.c >&5
configure:3677: $? = 0
configure:3681: test -z 
			 || test ! -s conftest.err
configure:3684: $? = 0
configure:3687: test -s conftest.o
configure:3690: $? = 0
configure:3701: result: yes
configure:3655: checking for strings.h
configure:3671: gcc -c -g -O2  conftest.c >&5
configure:3677: $? = 0
configure:3681: test -z 
			 || test ! -s conftest.err
configure:3684: $? = 0
configure:3687: test -s conftest.o
configure:3690: $? = 0
configure:3701: result: yes
configure:3655: checking for inttypes.h
configure:3671: gcc -c -g -O2  conftest.c >&5
configure:3677: $? = 0
configure:3681: test -z 
			 || test ! -s conftest.err
configure:3684: $? = 0
configure:3687: test -s conftest.o
configure:3690: $? = 0
configure:3701: result: yes
configure:3655: checking for stdint.h
configure:3671: gcc -c -g -O2  conftest.c >&5
configure:3677: $? = 0
configure:3681: test -z 
			 || test ! -s conftest.err
configure:3684: $? = 0
configure:3687: test -s conftest.o
configure:3690: $? = 0
configure:3701: result: yes
configure:3655: checking for unistd.h
configure:3671: gcc -c -g -O2  conftest.c >&5
configure:3677: $? = 0
configure:3681: test -z 
			 || test ! -s conftest.err
configure:3684: $? = 0
configure:3687: test -s conftest.o
configure:3690: $? = 0
configure:3701: result: yes
configure:3727: checking dlfcn.h usability
configure:3739: gcc -c -g -O2  conftest.c >&5
configure:3745: $? = 0
configure:3749: test -z 
			 || test ! -s conftest.err
configure:3752: $? = 0
configure:3755: test -s conftest.o
configure:3758: $? = 0
configure:3768: result: yes
configure:3772: checking dlfcn.h presence
configure:3782: gcc -E  conftest.c
configure:3788: $? = 0
configure:3808: result: yes
configure:3843: checking for dlfcn.h
configure:3850: result: yes
configure:3915: checking for g++
configure:3931: found /usr/bin/g++
configure:3941: result: g++
configure:3957: checking for C++ compiler version
configure:3960: g++ --version </dev/null >&5
g++ (GCC) 3.3.5 (propolice)
Copyright (C) 2003 Free Software Foundation, Inc.
This is free software; see the source for copying conditions.  There is NO
warranty; not even for MERCHANTABILITY or FITNESS FOR A PARTICULAR PURPOSE.

configure:3963: $? = 0
configure:3965: g++ -v </dev/null >&5
Reading specs from /usr/lib/gcc-lib/i386-unknown-openbsd4.1/3.3.5/specs
Configured with: 
Thread model: single
gcc version 3.3.5 (propolice)
configure:3968: $? = 0
configure:3970: g++ -V </dev/null >&5
g++: `-V' option must have argument
configure:3973: $? = 1
configure:3976: checking whether we are using the GNU C++ compiler
configure:4000: g++ -c   conftest.cc >&5
configure:4006: $? = 0
configure:4010: test -z 
			 || test ! -s conftest.err
configure:4013: $? = 0
configure:4016: test -s conftest.o
configure:4019: $? = 0
configure:4032: result: yes
configure:4038: checking whether g++ accepts -g
configure:4059: g++ -c -g  conftest.cc >&5
configure:4065: $? = 0
configure:4069: test -z 
			 || test ! -s conftest.err
configure:4072: $? = 0
configure:4075: test -s conftest.o
configure:4078: $? = 0
configure:4089: result: yes
configure:4131: g++ -c -g -O2  conftest.cc >&5
configure:4137: $? = 0
configure:4141: test -z 
			 || test ! -s conftest.err
configure:4144: $? = 0
configure:4147: test -s conftest.o
configure:4150: $? = 0
configure:4176: g++ -c -g -O2  conftest.cc >&5
conftest.cc: In function `int main()':
conftest.cc:24: error: `exit' undeclared (first use this function)
conftest.cc:24: error: (Each undeclared identifier is reported only once for 
   each function it appears in.)
configure:4182: $? = 1
configure: failed program was:
| /* confdefs.h.  */
| 
| #define PACKAGE_NAME "shotgund"
| #define PACKAGE_TARNAME "shotgund"
| #define PACKAGE_VERSION "1.1.7"
| #define PACKAGE_STRING "shotgund 1.1.7"
| #define PACKAGE_BUGREPORT "oleksiy@kharkiv.com.ua"
| #define STDC_HEADERS 1
| #define HAVE_SYS_TYPES_H 1
| #define HAVE_SYS_STAT_H 1
| #define HAVE_STDLIB_H 1
| #define HAVE_STRING_H 1
| #define HAVE_MEMORY_H 1
| #define HAVE_STRINGS_H 1
| #define HAVE_INTTYPES_H 1
| #define HAVE_STDINT_H 1
| #define HAVE_UNISTD_H 1
| #define HAVE_DLFCN_H 1
| /* end confdefs.h.  */
| 
| int
| main ()
| {
| exit (42);
|   ;
|   return 0;
| }
configure:4131: g++ -c -g -O2  conftest.cc >&5
configure:4137: $? = 0
configure:4141: test -z 
			 || test ! -s conftest.err
configure:4144: $? = 0
configure:4147: test -s conftest.o
configure:4150: $? = 0
configure:4176: g++ -c -g -O2  conftest.cc >&5
configure:4182: $? = 0
configure:4186: test -z 
			 || test ! -s conftest.err
configure:4189: $? = 0
configure:4192: test -s conftest.o
configure:4195: $? = 0
configure:4228: checking how to run the C++ preprocessor
configure:4259: g++ -E  conftest.cc
configure:4265: $? = 0
configure:4297: g++ -E  conftest.cc
conftest.cc:23:28: ac_nonexistent.h: No such file or directory
configure:4303: $? = 1
configure: failed program was:
| /* confdefs.h.  */
| 
| #define PACKAGE_NAME "shotgund"
| #define PACKAGE_TARNAME "shotgund"
| #define PACKAGE_VERSION "1.1.7"
| #define PACKAGE_STRING "shotgund 1.1.7"
| #define PACKAGE_BUGREPORT "oleksiy@kharkiv.com.ua"
| #define STDC_HEADERS 1
| #define HAVE_SYS_TYPES_H 1
| #define HAVE_SYS_STAT_H 1
| #define HAVE_STDLIB_H 1
| #define HAVE_STRING_H 1
| #define HAVE_MEMORY_H 1
| #define HAVE_STRINGS_H 1
| #define HAVE_INTTYPES_H 1
| #define HAVE_STDINT_H 1
| #define HAVE_UNISTD_H 1
| #define HAVE_DLFCN_H 1
| #ifdef __cplusplus
| extern "C" void std::exit (int) throw (); using std::exit;
| #endif
| /* end confdefs.h.  */
| #include <ac_nonexistent.h>
configure:4342: result: g++ -E
configure:4366: g++ -E  conftest.cc
configure:4372: $? = 0
configure:4404: g++ -E  conftest.cc
conftest.cc:23:28: ac_nonexistent.h: No such file or directory
configure:4410: $? = 1
configure: failed program was:
| /* confdefs.h.  */
| 
| #define PACKAGE_NAME "shotgund"
| #define PACKAGE_TARNAME "shotgund"
| #define PACKAGE_VERSION "1.1.7"
| #define PACKAGE_STRING "shotgund 1.1.7"
| #define PACKAGE_BUGREPORT "oleksiy@kharkiv.com.ua"
| #define STDC_HEADERS 1
| #define HAVE_SYS_TYPES_H 1
| #define HAVE_SYS_STAT_H 1
| #define HAVE_STDLIB_H 1
| #define HAVE_STRING_H 1
| #define HAVE_MEMORY_H 1
| #define HAVE_STRINGS_H 1
| #define HAVE_INTTYPES_H 1
| #define HAVE_STDINT_H 1
| #define HAVE_UNISTD_H 1
| #define HAVE_DLFCN_H 1
| #ifdef __cplusplus
| extern "C" void std::exit (int) throw (); using std::exit;
| #endif
| /* end confdefs.h.  */
| #include <ac_nonexistent.h>
configure:4507: checking for g77
configure:4523: found /usr/bin/g77
configure:4533: result: g77
configure:4548: checking for Fortran 77 compiler version
configure:4551: g77 --version </dev/null >&5
GNU Fortran (GCC) 3.3.5 (propolice)
Copyright (C) 2002 Free Software Foundation, Inc.

GNU Fortran comes with NO WARRANTY, to the extent permitted by law.
You may redistribute copies of GNU Fortran
under the terms of the GNU General Public License.
For more information about these matters, see the file named COPYING
or type the command `info -f g77 Copying'.
configure:4554: $? = 0
configure:4556: g77 -v </dev/null >&5
Reading specs from /usr/lib/gcc-lib/i386-unknown-openbsd4.1/3.3.5/specs
Configured with: 
Thread model: single
gcc version 3.3.5 (propolice)
configure:4559: $? = 0
configure:4561: g77 -V </dev/null >&5
g77: `-V' option must have argument
configure:4564: $? = 1
configure:4572: checking whether we are using the GNU Fortran 77 compiler
configure:4586: g77 -c  conftest.F >&5
configure:4592: $? = 0
configure:4596: test -z 
			 || test ! -s conftest.err
configure:4599: $? = 0
configure:4602: test -s conftest.o
configure:4605: $? = 0
configure:4618: result: yes
configure:4624: checking whether g77 accepts -g
configure:4636: g77 -c -g conftest.f >&5
configure:4642: $? = 0
configure:4646: test -z 
			 || test ! -s conftest.err
configure:4649: $? = 0
configure:4652: test -s conftest.o
configure:4655: $? = 0
configure:4667: result: yes
configure:4697: checking the maximum length of command line arguments
configure:4789: result: 196608
configure:4800: checking command to parse /usr/bin/nm -B output from gcc object
configure:4896: gcc -c -g -O2  conftest.c >&5
configure:4899: $? = 0
configure:4903: /usr/bin/nm -B conftest.o \| sed -n -e 's/^.*[ 	]\([BCDEGRST][BCDEGRST]*\)[ 	][ 	]*\([_A-Za-z][_A-Za-z0-9]*\)$/\1 \2 \2/p' \> conftest.nm
configure:4906: $? = 0
configure:4958: gcc -o conftest -g -O2   conftest.c conftstm.o >&5
configure:4961: $? = 0
configure:4999: result: ok
configure:5003: checking for objdir
configure:5018: result: .libs
configure:5108: checking for ar
configure:5124: found /usr/bin/ar
configure:5135: result: ar
configure:5188: checking for ranlib
configure:5204: found /usr/bin/ranlib
configure:5215: result: ranlib
configure:5268: checking for strip
configure:5284: found /usr/bin/strip
configure:5295: result: strip
configure:5582: checking if gcc static flag  works
configure:5610: result: yes
configure:5628: checking if gcc supports -fno-rtti -fno-exceptions
configure:5646: gcc -c -g -O2  -fno-rtti -fno-exceptions conftest.c >&5
cc1: warning: "-fno-rtti" is valid for C++ but not for C/ObjC
configure:5650: $? = 0
configure:5663: result: no
configure:5678: checking for gcc option to produce PIC
configure:5882: result: -fPIC
configure:5890: checking if gcc PIC flag -fPIC works
configure:5908: gcc -c -g -O2  -fPIC -DPIC conftest.c >&5
configure:5912: $? = 0
configure:5925: result: yes
configure:5949: checking if gcc supports -c -o file.o
configure:5970: gcc -c -g -O2  -o out/conftest2.o conftest.c >&5
configure:5974: $? = 0
configure:5996: result: yes
configure:6022: checking whether the gcc linker (/usr/bin/ld) supports shared libraries
configure:6918: result: yes
configure:6944: checking whether -lc should be explicitly linked in
configure:6949: gcc -c -g -O2  conftest.c >&5
configure:6952: $? = 0
configure:6966: gcc -shared  -o conftest conftest.o  -v 2\>\&1 \| grep  -lc  \>/dev/null 2\>\&1
configure:6969: $? = 1
configure:6981: result: yes
configure:6989: checking dynamic linker characteristics
configure:7543: result: openbsd4.1 ld.so
configure:7547: checking how to hardcode library paths into programs
configure:7572: result: immediate
configure:7586: checking whether stripping libraries is possible
configure:7591: result: yes
configure:8421: checking if libtool supports shared libraries
configure:8423: result: yes
configure:8426: checking whether to build shared libraries
configure:8447: result: yes
configure:8450: checking whether to build static libraries
configure:8454: result: yes
configure:8546: creating libtool
configure:9124: checking for ld used by g++
configure:9191: result: /usr/bin/ld
configure:9200: checking if the linker (/usr/bin/ld) is GNU ld
configure:9215: result: yes
configure:9266: checking whether the g++ linker (/usr/bin/ld) supports shared libraries
configure:10146: result: yes
configure:10164: g++ -c -g -O2  conftest.cpp >&5
configure:10167: $? = 0
configure:10277: checking for g++ option to produce PIC
configure:10545: result: -fPIC
configure:10553: checking if g++ PIC flag -fPIC works
configure:10571: g++ -c -g -O2  -fPIC -DPIC conftest.cpp >&5
configure:10575: $? = 0
configure:10588: result: yes
configure:10612: checking if g++ supports -c -o file.o
configure:10633: g++ -c -g -O2  -o out/conftest2.o conftest.cpp >&5
configure:10637: $? = 0
configure:10659: result: yes
configure:10685: checking whether the g++ linker (/usr/bin/ld) supports shared libraries
configure:10710: result: yes
configure:10781: checking dynamic linker characteristics
configure:11335: result: openbsd4.1 ld.so
configure:11339: checking how to hardcode library paths into programs
configure:11364: result: immediate
configure:11378: checking whether stripping libraries is possible
configure:11383: result: yes
configure:12719: checking if libtool supports shared libraries
configure:12721: result: yes
configure:12724: checking whether to build shared libraries
configure:12744: result: yes
configure:12747: checking whether to build static libraries
configure:12751: result: yes
configure:12763: checking for g77 option to produce PIC
configure:12967: result: -fPIC
configure:12975: checking if g77 PIC flag -fPIC works
configure:12993: g77 -c -g -O2 -fPIC conftest.f >&5
configure:12997: $? = 0
configure:13010: result: yes
configure:13034: checking if g77 supports -c -o file.o
configure:13055: g77 -c -g -O2 -o out/conftest2.o conftest.f >&5
configure:13059: $? = 0
configure:13081: result: yes
configure:13107: checking whether the g77 linker (/usr/bin/ld) supports shared libraries
configure:13983: result: yes
configure:14054: checking dynamic linker characteristics
configure:14608: result: openbsd4.1 ld.so
configure:14612: checking how to hardcode library paths into programs
configure:14637: result: immediate
configure:14651: checking whether stripping libraries is possible
configure:14656: result: yes
configure:18920: checking for a BSD-compatible install
configure:18975: result: /usr/bin/install -c
configure:18986: checking whether build environment is sane
configure:19029: result: yes
configure:19094: checking for gawk
configure:19123: result: no
configure:19094: checking for mawk
configure:19123: result: no
configure:19094: checking for nawk
configure:19110: found /usr/bin/nawk
configure:19120: result: nawk
configure:19130: checking whether make sets $(MAKE)
configure:19150: result: yes
configure:19180: checking for style of include used by make
configure:19208: result: GNU
configure:19375: checking dependency style of gcc
configure:19465: result: gcc3
configure:19484: checking dependency style of g++
configure:19574: result: gcc3
configure:19688: checking for C++ compiler version
configure:19691: g++ --version </dev/null >&5
g++ (GCC) 3.3.5 (propolice)
Copyright (C) 2003 Free Software Foundation, Inc.
This is free software; see the source for copying conditions.  There is NO
warranty; not even for MERCHANTABILITY or FITNESS FOR A PARTICULAR PURPOSE.

configure:19694: $? = 0
configure:19696: g++ -v </dev/null >&5
Reading specs from /usr/lib/gcc-lib/i386-unknown-openbsd4.1/3.3.5/specs
Configured with: 
Thread model: single
gcc version 3.3.5 (propolice)
configure:19699: $? = 0
configure:19701: g++ -V </dev/null >&5
g++: `-V' option must have argument
configure:19704: $? = 1
configure:19707: checking whether we are using the GNU C++ compiler
configure:19763: result: yes
configure:19769: checking whether g++ accepts -g
configure:19820: result: yes
configure:19862: g++ -c -g -O2  conftest.cc >&5
configure:19868: $? = 0
configure:19872: test -z 
			 || test ! -s conftest.err
configure:19875: $? = 0
configure:19878: test -s conftest.o
configure:19881: $? = 0
configure:19907: g++ -c -g -O2  conftest.cc >&5
configure:19913: $? = 0
configure:19917: test -z 
			 || test ! -s conftest.err
configure:19920: $? = 0
configure:19923: test -s conftest.o
configure:19926: $? = 0
configure:19995: checking for gcc
configure:20021: result: gcc
configure:20265: checking for C compiler version
configure:20268: gcc --version </dev/null >&5
gcc (GCC) 3.3.5 (propolice)
Copyright (C) 2003 Free Software Foundation, Inc.
This is free software; see the source for copying conditions.  There is NO
warranty; not even for MERCHANTABILITY or FITNESS FOR A PARTICULAR PURPOSE.

configure:20271: $? = 0
configure:20273: gcc -v </dev/null >&5
Reading specs from /usr/lib/gcc-lib/i386-unknown-openbsd4.1/3.3.5/specs
Configured with: 
Thread model: single
gcc version 3.3.5 (propolice)
configure:20276: $? = 0
configure:20278: gcc -V </dev/null >&5
gcc: `-V' option must have argument
configure:20281: $? = 1
configure:20284: checking whether we are using the GNU C compiler
configure:20340: result: yes
configure:20346: checking whether gcc accepts -g
configure:20397: result: yes
configure:20414: checking for gcc option to accept ANSI C
configure:20521: result: none needed
configure:20539: gcc -c -g -O2  conftest.c >&5
conftest.c:2: error: syntax error before "me"
configure:20545: $? = 1
configure: failed program was:
| #ifndef __cplusplus
|   choke me
| #endif
configure:20683: checking how to run the C preprocessor
configure:20801: result: gcc -E
configure:20825: gcc -E  conftest.c
configure:20831: $? = 0
configure:20863: gcc -E  conftest.c
conftest.c:23:28: ac_nonexistent.h: No such file or directory
configure:20869: $? = 1
configure: failed program was:
| /* confdefs.h.  */
| 
| #define PACKAGE_NAME "shotgund"
| #define PACKAGE_TARNAME "shotgund"
| #define PACKAGE_VERSION "1.1.7"
| #define PACKAGE_STRING "shotgund 1.1.7"
| #define PACKAGE_BUGREPORT "oleksiy@kharkiv.com.ua"
| #define STDC_HEADERS 1
| #define HAVE_SYS_TYPES_H 1
| #define HAVE_SYS_STAT_H 1
| #define HAVE_STDLIB_H 1
| #define HAVE_STRING_H 1
| #define HAVE_MEMORY_H 1
| #define HAVE_STRINGS_H 1
| #define HAVE_INTTYPES_H 1
| #define HAVE_STDINT_H 1
| #define HAVE_UNISTD_H 1
| #define HAVE_DLFCN_H 1
| #ifdef __cplusplus
| extern "C" void std::exit (int) throw (); using std::exit;
| #endif
| /* end confdefs.h.  */
| #include <ac_nonexistent.h>
configure:20925: checking for a BSD-compatible install
configure:20980: result: /usr/bin/install -c
configure:20991: checking whether ln -s works
configure:20995: result: yes
configure:21002: checking whether make sets $(MAKE)
configure:21022: result: yes
configure:21072: checking for ranlib
configure:21099: result: ranlib
configure:21114: checking for pthread_create in -lc_r
configure:21144: gcc -o conftest -g -O2   conftest.c -lc_r   >&5
/usr/bin/ld: cannot find -lc_r
collect2: ld returned 1 exit status
configure:21150: $? = 1
configure: failed program was:
| /* confdefs.h.  */
| 
| #define PACKAGE_NAME "shotgund"
| #define PACKAGE_TARNAME "shotgund"
| #define PACKAGE_VERSION "1.1.7"
| #define PACKAGE_STRING "shotgund 1.1.7"
| #define PACKAGE_BUGREPORT "oleksiy@kharkiv.com.ua"
| #define STDC_HEADERS 1
| #define HAVE_SYS_TYPES_H 1
| #define HAVE_SYS_STAT_H 1
| #define HAVE_STDLIB_H 1
| #define HAVE_STRING_H 1
| #define HAVE_MEMORY_H 1
| #define HAVE_STRINGS_H 1
| #define HAVE_INTTYPES_H 1
| #define HAVE_STDINT_H 1
| #define HAVE_UNISTD_H 1
| #define HAVE_DLFCN_H 1
| #ifdef __cplusplus
| extern "C" void std::exit (int) throw (); using std::exit;
| #endif
| /* end confdefs.h.  */
| 
| /* Override any gcc2 internal prototype to avoid an error.  */
| #ifdef __cplusplus
| extern "C"
| #endif
| /* We use char because int might match the return type of a gcc2
|    builtin and then its argument prototype would still apply.  */
| char pthread_create ();
| int
| main ()
| {
| pthread_create ();
|   ;
|   return 0;
| }
configure:21176: result: no
configure:21188: checking for pthread_create in -lpthread
configure:21218: gcc -o conftest -g -O2   conftest.c -lpthread   >&5
configure:21224: $? = 0
configure:21228: test -z 
			 || test ! -s conftest.err
configure:21231: $? = 0
configure:21234: test -s conftest
configure:21237: $? = 0
configure:21250: result: yes
configure:21263: checking for ANSI C header files
configure:21419: result: yes
configure:21451: checking arpa/inet.h usability
configure:21463: gcc -c -g -O2  conftest.c >&5
configure:21469: $? = 0
configure:21473: test -z 
			 || test ! -s conftest.err
configure:21476: $? = 0
configure:21479: test -s conftest.o
configure:21482: $? = 0
configure:21492: result: yes
configure:21496: checking arpa/inet.h presence
configure:21506: gcc -E  conftest.c
configure:21512: $? = 0
configure:21532: result: yes
configure:21567: checking for arpa/inet.h
configure:21574: result: yes
configure:21451: checking fcntl.h usability
configure:21463: gcc -c -g -O2  conftest.c >&5
configure:21469: $? = 0
configure:21473: test -z 
			 || test ! -s conftest.err
configure:21476: $? = 0
configure:21479: test -s conftest.o
configure:21482: $? = 0
configure:21492: result: yes
configure:21496: checking fcntl.h presence
configure:21506: gcc -E  conftest.c
configure:21512: $? = 0
configure:21532: result: yes
configure:21567: checking for fcntl.h
configure:21574: result: yes
configure:21451: checking malloc.h usability
configure:21463: gcc -c -g -O2  conftest.c >&5
In file included from conftest.c:61:
/usr/include/malloc.h:4:2: warning: #warning "<malloc.h> is obsolete, use <stdlib.h>"
configure:21469: $? = 0
configure:21473: test -z 
			 || test ! -s conftest.err
configure:21476: $? = 0
configure:21479: test -s conftest.o
configure:21482: $? = 0
configure:21492: result: yes
configure:21496: checking malloc.h presence
configure:21506: gcc -E  conftest.c
In file included from conftest.c:27:
/usr/include/malloc.h:4:2: warning: #warning "<malloc.h> is obsolete, use <stdlib.h>"
configure:21512: $? = 0
configure:21532: result: yes
configure:21567: checking for malloc.h
configure:21574: result: yes
configure:21451: checking netinet/in.h usability
configure:21463: gcc -c -g -O2  conftest.c >&5
configure:21469: $? = 0
configure:21473: test -z 
			 || test ! -s conftest.err
configure:21476: $? = 0
configure:21479: test -s conftest.o
configure:21482: $? = 0
configure:21492: result: yes
configure:21496: checking netinet/in.h presence
configure:21506: gcc -E  conftest.c
configure:21512: $? = 0
configure:21532: result: yes
configure:21567: checking for netinet/in.h
configure:21574: result: yes
configure:21442: checking for stdlib.h
configure:21447: result: yes
configure:21442: checking for string.h
configure:21447: result: yes
configure:21451: checking sys/socket.h usability
configure:21463: gcc -c -g -O2  conftest.c >&5
configure:21469: $? = 0
configure:21473: test -z 
			 || test ! -s conftest.err
configure:21476: $? = 0
configure:21479: test -s conftest.o
configure:21482: $? = 0
configure:21492: result: yes
configure:21496: checking sys/socket.h presence
configure:21506: gcc -E  conftest.c
configure:21512: $? = 0
configure:21532: result: yes
configure:21567: checking for sys/socket.h
configure:21574: result: yes
configure:21451: checking sys/time.h usability
configure:21463: gcc -c -g -O2  conftest.c >&5
configure:21469: $? = 0
configure:21473: test -z 
			 || test ! -s conftest.err
configure:21476: $? = 0
configure:21479: test -s conftest.o
configure:21482: $? = 0
configure:21492: result: yes
configure:21496: checking sys/time.h presence
configure:21506: gcc -E  conftest.c
configure:21512: $? = 0
configure:21532: result: yes
configure:21567: checking for sys/time.h
configure:21574: result: yes
configure:21442: checking for unistd.h
configure:21447: result: yes
configure:21589: checking for stdbool.h that conforms to C99
configure:21642: gcc -c -g -O2  conftest.c >&5
configure:21648: $? = 0
configure:21652: test -z 
			 || test ! -s conftest.err
configure:21655: $? = 0
configure:21658: test -s conftest.o
configure:21661: $? = 0
configure:21672: result: yes
configure:21674: checking for _Bool
configure:21698: gcc -c -g -O2  conftest.c >&5
configure:21704: $? = 0
configure:21708: test -z 
			 || test ! -s conftest.err
configure:21711: $? = 0
configure:21714: test -s conftest.o
configure:21717: $? = 0
configure:21728: result: yes
configure:21747: checking for an ANSI C-conforming const
configure:21814: gcc -c -g -O2  conftest.c >&5
configure:21820: $? = 0
configure:21824: test -z 
			 || test ! -s conftest.err
configure:21827: $? = 0
configure:21830: test -s conftest.o
configure:21833: $? = 0
configure:21844: result: yes
configure:21854: checking for inline
configure:21875: gcc -c -g -O2  conftest.c >&5
configure:21881: $? = 0
configure:21885: test -z 
			 || test ! -s conftest.err
configure:21888: $? = 0
configure:21891: test -s conftest.o
configure:21894: $? = 0
configure:21906: result: inline
configure:21925: checking for size_t
configure:21949: gcc -c -g -O2  conftest.c >&5
configure:21955: $? = 0
configure:21959: test -z 
			 || test ! -s conftest.err
configure:21962: $? = 0
configure:21965: test -s conftest.o
configure:21968: $? = 0
configure:21979: result: yes
configure:21995: checking for working alloca.h
configure:22016: gcc -o conftest -g -O2   conftest.c -lpthread  >&5
conftest.c:36:20: alloca.h: No such file or directory
configure:22022: $? = 1
configure: failed program was:
| /* confdefs.h.  */
| 
| #define PACKAGE_NAME "shotgund"
| #define PACKAGE_TARNAME "shotgund"
| #define PACKAGE_VERSION "1.1.7"
| #define PACKAGE_STRING "shotgund 1.1.7"
| #define PACKAGE_BUGREPORT "oleksiy@kharkiv.com.ua"
| #define STDC_HEADERS 1
| #define HAVE_SYS_TYPES_H 1
| #define HAVE_SYS_STAT_H 1
| #define HAVE_STDLIB_H 1
| #define HAVE_STRING_H 1
| #define HAVE_MEMORY_H 1
| #define HAVE_STRINGS_H 1
| #define HAVE_INTTYPES_H 1
| #define HAVE_STDINT_H 1
| #define HAVE_UNISTD_H 1
| #define HAVE_DLFCN_H 1
| #ifdef __cplusplus
| extern "C" void std::exit (int) throw (); using std::exit;
| #endif
| #define HAVE_LIBPTHREAD 1
| #define STDC_HEADERS 1
| #define HAVE_ARPA_INET_H 1
| #define HAVE_FCNTL_H 1
| #define HAVE_MALLOC_H 1
| #define HAVE_NETINET_IN_H 1
| #define HAVE_STDLIB_H 1
| #define HAVE_STRING_H 1
| #define HAVE_SYS_SOCKET_H 1
| #define HAVE_SYS_TIME_H 1
| #define HAVE_UNISTD_H 1
| #define HAVE__BOOL 1
| #define HAVE_STDBOOL_H 1
| /* end confdefs.h.  */
| #include <alloca.h>
| int
| main ()
| {
| char *p = (char *) alloca (2 * sizeof (int));
|   ;
|   return 0;
| }
configure:22047: result: no
configure:22057: checking for alloca
configure:22098: gcc -o conftest -g -O2   conftest.c -lpthread  >&5
configure:22104: $? = 0
configure:22108: test -z 
			 || test ! -s conftest.err
configure:22111: $? = 0
configure:22114: test -s conftest
configure:22117: $? = 0
configure:22129: result: yes
configure:22352: checking for error_at_line
configure:22373: gcc -o conftest -g -O2   conftest.c -lpthread  >&5
/tmp//ccb28219.o(.text+0x25): In function `main':
/home/oleksiyk/shotgund-1.1.7/conftest.c:74: undefined reference to `error_at_line'
collect2: ld returned 1 exit status
configure:22379: $? = 1
configure: failed program was:
| /* confdefs.h.  */
| 
| #define PACKAGE_NAME "shotgund"
| #define PACKAGE_TARNAME "shotgund"
| #define PACKAGE_VERSION "1.1.7"
| #define PACKAGE_STRING "shotgund 1.1.7"
| #define PACKAGE_BUGREPORT "oleksiy@kharkiv.com.ua"
| #define STDC_HEADERS 1
| #define HAVE_SYS_TYPES_H 1
| #define HAVE_SYS_STAT_H 1
| #define HAVE_STDLIB_H 1
| #define HAVE_STRING_H 1
| #define HAVE_MEMORY_H 1
| #define HAVE_STRINGS_H 1
| #define HAVE_INTTYPES_H 1
| #define HAVE_STDINT_H 1
| #define HAVE_UNISTD_H 1
| #define HAVE_DLFCN_H 1
| #ifdef __cplusplus
| extern "C" void std::exit (int) throw (); using std::exit;
| #endif
| #define HAVE_LIBPTHREAD 1
| #define STDC_HEADERS 1
| #define HAVE_ARPA_INET_H 1
| #define HAVE_FCNTL_H 1
| #define HAVE_MALLOC_H 1
| #define HAVE_NETINET_IN_H 1
| #define HAVE_STDLIB_H 1
| #define HAVE_STRING_H 1
| #define HAVE_SYS_SOCKET_H 1
| #define HAVE_SYS_TIME_H 1
| #define HAVE_UNISTD_H 1
| #define HAVE__BOOL 1
| #define HAVE_STDBOOL_H 1
| #define HAVE_ALLOCA 1
| /* end confdefs.h.  */
| #include <stdio.h>
| #if HAVE_SYS_TYPES_H
| # include <sys/types.h>
| #endif
| #if HAVE_SYS_STAT_H
| # include <sys/stat.h>
| #endif
| #if STDC_HEADERS
| # include <stdlib.h>
| # include <stddef.h>
| #else
| # if HAVE_STDLIB_H
| #  include <stdlib.h>
| # endif
| #endif
| #if HAVE_STRING_H
| # if !STDC_HEADERS && HAVE_MEMORY_H
| #  include <memory.h>
| # endif
| # include <string.h>
| #endif
| #if HAVE_STRINGS_H
| # include <strings.h>
| #endif
| #if HAVE_INTTYPES_H
| # include <inttypes.h>
| #else
| # if HAVE_STDINT_H
| #  include <stdint.h>
| # endif
| #endif
| #if HAVE_UNISTD_H
| # include <unistd.h>
| #endif
| int
| main ()
| {
| error_at_line (0, 0, "", 0, "");
|   ;
|   return 0;
| }
configure:22404: result: no
configure:22422: checking for stdlib.h
configure:22427: result: yes
configure:22567: checking for GNU libc compatible malloc
configure:22596: gcc -o conftest -g -O2   conftest.c -lpthread  >&5
configure:22599: $? = 0
configure:22601: ./conftest
configure:22604: $? = 0
configure:22618: result: yes
configure:22653: checking for stdlib.h
configure:22658: result: yes
configure:22798: checking for GNU libc compatible realloc
configure:22827: gcc -o conftest -g -O2   conftest.c -lpthread  >&5
configure:22830: $? = 0
configure:22832: ./conftest
configure:22835: $? = 0
configure:22849: result: yes
configure:22883: checking for vprintf
configure:22940: gcc -o conftest -g -O2   conftest.c -lpthread  >&5
conftest.c:65: warning: conflicting types for built-in function `vprintf'
configure:22946: $? = 0
configure:22950: test -z 
			 || test ! -s conftest.err
configure:22953: $? = 0
configure:22956: test -s conftest
configure:22959: $? = 0
configure:22971: result: yes
configure:22978: checking for _doprnt
configure:23035: gcc -o conftest -g -O2   conftest.c -lpthread  >&5
/tmp//ccY15134.o(.text+0x1d): In function `main':
/home/oleksiyk/shotgund-1.1.7/conftest.c:82: undefined reference to `_doprnt'
/tmp//ccY15134.o(.data+0x0):/home/oleksiyk/shotgund-1.1.7/conftest.c:81: undefined reference to `_doprnt'
collect2: ld returned 1 exit status
configure:23041: $? = 1
configure: failed program was:
| /* confdefs.h.  */
| 
| #define PACKAGE_NAME "shotgund"
| #define PACKAGE_TARNAME "shotgund"
| #define PACKAGE_VERSION "1.1.7"
| #define PACKAGE_STRING "shotgund 1.1.7"
| #define PACKAGE_BUGREPORT "oleksiy@kharkiv.com.ua"
| #define STDC_HEADERS 1
| #define HAVE_SYS_TYPES_H 1
| #define HAVE_SYS_STAT_H 1
| #define HAVE_STDLIB_H 1
| #define HAVE_STRING_H 1
| #define HAVE_MEMORY_H 1
| #define HAVE_STRINGS_H 1
| #define HAVE_INTTYPES_H 1
| #define HAVE_STDINT_H 1
| #define HAVE_UNISTD_H 1
| #define HAVE_DLFCN_H 1
| #ifdef __cplusplus
| extern "C" void std::exit (int) throw (); using std::exit;
| #endif
| #define HAVE_LIBPTHREAD 1
| #define STDC_HEADERS 1
| #define HAVE_ARPA_INET_H 1
| #define HAVE_FCNTL_H 1
| #define HAVE_MALLOC_H 1
| #define HAVE_NETINET_IN_H 1
| #define HAVE_STDLIB_H 1
| #define HAVE_STRING_H 1
| #define HAVE_SYS_SOCKET_H 1
| #define HAVE_SYS_TIME_H 1
| #define HAVE_UNISTD_H 1
| #define HAVE__BOOL 1
| #define HAVE_STDBOOL_H 1
| #define HAVE_ALLOCA 1
| #define HAVE_STDLIB_H 1
| #define HAVE_MALLOC 1
| #define HAVE_STDLIB_H 1
| #define HAVE_REALLOC 1
| #define HAVE_VPRINTF 1
| /* end confdefs.h.  */
| /* Define _doprnt to an innocuous variant, in case <limits.h> declares _doprnt.
|    For example, HP-UX 11i <limits.h> declares gettimeofday.  */
| #define _doprnt innocuous__doprnt
| 
| /* System header to define __stub macros and hopefully few prototypes,
|     which can conflict with char _doprnt (); below.
|     Prefer <limits.h> to <assert.h> if __STDC__ is defined, since
|     <limits.h> exists even on freestanding compilers.  */
| 
| #ifdef __STDC__
| # include <limits.h>
| #else
| # include <assert.h>
| #endif
| 
| #undef _doprnt
| 
| /* Override any gcc2 internal prototype to avoid an error.  */
| #ifdef __cplusplus
| extern "C"
| {
| #endif
| /* We use char because int might match the return type of a gcc2
|    builtin and then its argument prototype would still apply.  */
| char _doprnt ();
| /* The GNU C library defines this for functions which it implements
|     to always fail with ENOSYS.  Some functions are actually named
|     something starting with __ and the normal name is an alias.  */
| #if defined (__stub__doprnt) || defined (__stub____doprnt)
| choke me
| #else
| char (*f) () = _doprnt;
| #endif
| #ifdef __cplusplus
| }
| #endif
| 
| int
| main ()
| {
| return f != _doprnt;
|   ;
|   return 0;
| }
configure:23066: result: no
configure:23089: checking for inet_ntoa
configure:23146: gcc -o conftest -g -O2   conftest.c -lpthread  >&5
configure:23152: $? = 0
configure:23156: test -z 
			 || test ! -s conftest.err
configure:23159: $? = 0
configure:23162: test -s conftest
configure:23165: $? = 0
configure:23177: result: yes
configure:23089: checking for memset
configure:23146: gcc -o conftest -g -O2   conftest.c -lpthread  >&5
conftest.c:67: warning: conflicting types for built-in function `memset'
configure:23152: $? = 0
configure:23156: test -z 
			 || test ! -s conftest.err
configure:23159: $? = 0
configure:23162: test -s conftest
configure:23165: $? = 0
configure:23177: result: yes
configure:23089: checking for socket
configure:23146: gcc -o conftest -g -O2   conftest.c -lpthread  >&5
configure:23152: $? = 0
configure:23156: test -z 
			 || test ! -s conftest.err
configure:23159: $? = 0
configure:23162: test -s conftest
configure:23165: $? = 0
configure:23177: result: yes
configure:23089: checking for strcasecmp
configure:23146: gcc -o conftest -g -O2   conftest.c -lpthread  >&5
configure:23152: $? = 0
configure:23156: test -z 
			 || test ! -s conftest.err
configure:23159: $? = 0
configure:23162: test -s conftest
configure:23165: $? = 0
configure:23177: result: yes
configure:23089: checking for strdup
configure:23146: gcc -o conftest -g -O2   conftest.c -lpthread  >&5
configure:23152: $? = 0
configure:23156: test -z 
			 || test ! -s conftest.err
configure:23159: $? = 0
configure:23162: test -s conftest
configure:23165: $? = 0
configure:23177: result: yes
configure:23089: checking for strerror
configure:23146: gcc -o conftest -g -O2   conftest.c -lpthread  >&5
configure:23152: $? = 0
configure:23156: test -z 
			 || test ! -s conftest.err
configure:23159: $? = 0
configure:23162: test -s conftest
configure:23165: $? = 0
configure:23177: result: yes
configure:23188: checking whether to enable crippled version
configure:23201: result: no
configure:23210: checking for IPv6 support
configure:23239: gcc -o conftest -g -O2   conftest.c -lpthread  >&5
In file included from conftest.c:49:
/usr/include/sys/socket.h:145: error: syntax error before "u_int8_t"
/usr/include/sys/socket.h:163: error: syntax error before "u_int8_t"
/usr/include/sys/socket.h:166: error: syntax error before "u_int64_t"
/usr/include/sys/socket.h:230: error: syntax error before "uid_t"
/usr/include/sys/socket.h:235: error: syntax error before "gid_t"
/usr/include/sys/socket.h:348: error: syntax error before "socklen_t"
/usr/include/sys/socket.h:352: error: syntax error before "socklen_t"
/usr/include/sys/socket.h:374: error: syntax error before "socklen_t"
/usr/include/sys/socket.h:429: error: syntax error before "caddr_t"
/usr/include/sys/socket.h:433: error: syntax error before "caddr_t"
In file included from conftest.c:49:
/usr/include/sys/socket.h:444: error: syntax error before "socklen_t"
/usr/include/sys/socket.h:445: error: syntax error before "socklen_t"
/usr/include/sys/socket.h:446: error: syntax error before "socklen_t"
/usr/include/sys/socket.h:447: error: syntax error before "uid_t"
/usr/include/sys/socket.h:448: error: syntax error before "socklen_t"
/usr/include/sys/socket.h:449: error: syntax error before "socklen_t"
/usr/include/sys/socket.h:450: error: syntax error before "socklen_t"
/usr/include/sys/socket.h:452: error: syntax error before "recv"
/usr/include/sys/socket.h:452: error: syntax error before "size_t"
/usr/include/sys/socket.h:453: error: syntax error before "recvfrom"
/usr/include/sys/socket.h:453: error: syntax error before "size_t"
/usr/include/sys/socket.h:454: error: syntax error before "recvmsg"
/usr/include/sys/socket.h:455: error: syntax error before "send"
/usr/include/sys/socket.h:455: error: syntax error before "size_t"
/usr/include/sys/socket.h:456: error: syntax error before "sendto"
/usr/include/sys/socket.h:457: error: syntax error before "size_t"
/usr/include/sys/socket.h:458: error: syntax error before "sendmsg"
/usr/include/sys/socket.h:459: error: syntax error before "socklen_t"
In file included from conftest.c:50:
/usr/include/netinet/in.h:136: error: syntax error before "in_addr_t"
/usr/include/netinet/in.h:213: error: syntax error before "u_int8_t"
/usr/include/netinet/in.h:217: error: syntax error before "int8_t"
/usr/include/netinet/in.h:232: error: syntax error before "int8_t"
In file included from /usr/include/netinet/in.h:554,
                 from conftest.c:50:
/usr/include/netinet6/in6.h:118: error: syntax error before "u_int8_t"
/usr/include/netinet6/in6.h:140: error: syntax error before "u_int8_t"
/usr/include/netinet6/in6.h:145: error: syntax error before "u_int32_t"
/usr/include/netinet6/in6.h:514: error: syntax error before "u_int32_t"
/usr/include/netinet6/in6.h:739: error: syntax error before '*' token
/usr/include/netinet6/in6.h:741: error: syntax error before '*' token
/usr/include/netinet6/in6.h:742: error: syntax error before "u_int8_t"
/usr/include/netinet6/in6.h:743: error: syntax error before "u_int8_t"
/usr/include/netinet6/in6.h:745: error: syntax error before "inet6_rthdr_space"
/usr/include/netinet6/in6.h:757: error: syntax error before "socklen_t"
/usr/include/netinet6/in6.h:758: error: syntax error before "socklen_t"
/usr/include/netinet6/in6.h:760: error: syntax error before "socklen_t"
/usr/include/netinet6/in6.h:761: error: syntax error before "socklen_t"
/usr/include/netinet6/in6.h:763: error: syntax error before "socklen_t"
/usr/include/netinet6/in6.h:765: error: syntax error before "socklen_t"
/usr/include/netinet6/in6.h:767: error: syntax error before "socklen_t"
/usr/include/netinet6/in6.h:769: error: syntax error before "inet6_rth_space"
/usr/include/netinet6/in6.h:770: error: syntax error before "socklen_t"
configure:23242: $? = 1
configure: program exited with status 1
configure: failed program was:
| /* confdefs.h.  */
| 
| #define PACKAGE_NAME "shotgund"
| #define PACKAGE_TARNAME "shotgund"
| #define PACKAGE_VERSION "1.1.7"
| #define PACKAGE_STRING "shotgund 1.1.7"
| #define PACKAGE_BUGREPORT "oleksiy@kharkiv.com.ua"
| #define STDC_HEADERS 1
| #define HAVE_SYS_TYPES_H 1
| #define HAVE_SYS_STAT_H 1
| #define HAVE_STDLIB_H 1
| #define HAVE_STRING_H 1
| #define HAVE_MEMORY_H 1
| #define HAVE_STRINGS_H 1
| #define HAVE_INTTYPES_H 1
| #define HAVE_STDINT_H 1
| #define HAVE_UNISTD_H 1
| #define HAVE_DLFCN_H 1
| #ifdef __cplusplus
| extern "C" void std::exit (int) throw (); using std::exit;
| #endif
| #define HAVE_LIBPTHREAD 1
| #define STDC_HEADERS 1
| #define HAVE_ARPA_INET_H 1
| #define HAVE_FCNTL_H 1
| #define HAVE_MALLOC_H 1
| #define HAVE_NETINET_IN_H 1
| #define HAVE_STDLIB_H 1
| #define HAVE_STRING_H 1
| #define HAVE_SYS_SOCKET_H 1
| #define HAVE_SYS_TIME_H 1
| #define HAVE_UNISTD_H 1
| #define HAVE__BOOL 1
| #define HAVE_STDBOOL_H 1
| #define HAVE_ALLOCA 1
| #define HAVE_STDLIB_H 1
| #define HAVE_MALLOC 1
| #define HAVE_STDLIB_H 1
| #define HAVE_REALLOC 1
| #define HAVE_VPRINTF 1
| #define HAVE_INET_NTOA 1
| #define HAVE_MEMSET 1
| #define HAVE_SOCKET 1
| #define HAVE_STRCASECMP 1
| #define HAVE_STRDUP 1
| #define HAVE_STRERROR 1
| /* end confdefs.h.  */
| 
| #include <sys/socket.h>
| #include <netinet/in.h>
| #include <arpa/inet.h>
| 
| struct sockaddr_in6 s6;
| 
| int main() {
|     if(socket(PF_INET6, SOCK_DGRAM, 0) == -1){
|         return 1;
|     }
|     return 0;
| }
configure:23262: result: no
configure:23401: creating ./config.status

## ---------------------- ##
## Running config.status. ##
## ---------------------- ##

This file was extended by shotgund config.status 1.1.7, which was
generated by GNU Autoconf 2.59.  Invocation command line was

  CONFIG_FILES    = 
  CONFIG_HEADERS  = 
  CONFIG_LINKS    = 
  CONFIG_COMMANDS = 
  $ ./config.status 

on intel-proto41.fox-den.com

config.status:718: creating Makefile
config.status:718: creating lib/Makefile
config.status:718: creating lib/dotconf++/Makefile
config.status:718: creating src/Makefile
config.status:822: creating lib/config.h
config.status:1174: executing depfiles commands

## ---------------- ##
## Cache variables. ##
## ---------------- ##

ac_cv_build=i386-unknown-openbsd4.1
ac_cv_build_alias=i386-unknown-openbsd4.1
ac_cv_c_compiler_gnu=yes
ac_cv_c_const=yes
ac_cv_c_inline=inline
ac_cv_cxx_compiler_gnu=yes
ac_cv_env_CC_set=
ac_cv_env_CC_value=
ac_cv_env_CFLAGS_set=
ac_cv_env_CFLAGS_value=
ac_cv_env_CPPFLAGS_set=
ac_cv_env_CPPFLAGS_value=
ac_cv_env_CPP_set=
ac_cv_env_CPP_value=
ac_cv_env_CXXCPP_set=
ac_cv_env_CXXCPP_value=
ac_cv_env_CXXFLAGS_set=
ac_cv_env_CXXFLAGS_value=
ac_cv_env_CXX_set=
ac_cv_env_CXX_value=
ac_cv_env_F77_set=
ac_cv_env_F77_value=
ac_cv_env_FFLAGS_set=
ac_cv_env_FFLAGS_value=
ac_cv_env_LDFLAGS_set=
ac_cv_env_LDFLAGS_value=
ac_cv_env_build_alias_set=
ac_cv_env_build_alias_value=
ac_cv_env_host_alias_set=
ac_cv_env_host_alias_value=
ac_cv_env_target_alias_set=
ac_cv_env_target_alias_value=
ac_cv_exeext=
ac_cv_f77_compiler_gnu=yes
ac_cv_func__doprnt=no
ac_cv_func_alloca_works=yes
ac_cv_func_inet_ntoa=yes
ac_cv_func_malloc_0_nonnull=yes
ac_cv_func_memset=yes
ac_cv_func_realloc_0_nonnull=yes
ac_cv_func_socket=yes
ac_cv_func_strcasecmp=yes
ac_cv_func_strdup=yes
ac_cv_func_strerror=yes
ac_cv_func_vprintf=yes
ac_cv_header_arpa_inet_h=yes
ac_cv_header_dlfcn_h=yes
ac_cv_header_fcntl_h=yes
ac_cv_header_inttypes_h=yes
ac_cv_header_malloc_h=yes
ac_cv_header_memory_h=yes
ac_cv_header_netinet_in_h=yes
ac_cv_header_stdbool_h=yes
ac_cv_header_stdc=yes
ac_cv_header_stdint_h=yes
ac_cv_header_stdlib_h=yes
ac_cv_header_string_h=yes
ac_cv_header_strings_h=yes
ac_cv_header_sys_socket_h=yes
ac_cv_header_sys_stat_h=yes
ac_cv_header_sys_time_h=yes
ac_cv_header_sys_types_h=yes
ac_cv_header_unistd_h=yes
ac_cv_host=i386-unknown-openbsd4.1
ac_cv_host_alias=i386-unknown-openbsd4.1
ac_cv_lib_c_r_pthread_create=no
ac_cv_lib_error_at_line=no
ac_cv_lib_pthread_pthread_create=yes
ac_cv_objext=o
ac_cv_path_install='/usr/bin/install -c'
ac_cv_prog_AWK=nawk
ac_cv_prog_CPP='gcc -E'
ac_cv_prog_CXXCPP='g++ -E'
ac_cv_prog_ac_ct_AR=ar
ac_cv_prog_ac_ct_CC=gcc
ac_cv_prog_ac_ct_CXX=g++
ac_cv_prog_ac_ct_F77=g77
ac_cv_prog_ac_ct_RANLIB=ranlib
ac_cv_prog_ac_ct_STRIP=strip
ac_cv_prog_cc_g=yes
ac_cv_prog_cc_stdc=
ac_cv_prog_cxx_g=yes
ac_cv_prog_egrep='grep -E'
ac_cv_prog_f77_g=yes
ac_cv_prog_make_make_set=yes
ac_cv_type__Bool=yes
ac_cv_type_size_t=yes
ac_cv_working_alloca_h=no
am_cv_CC_dependencies_compiler_type=gcc3
am_cv_CXX_dependencies_compiler_type=gcc3
lt_cv_deplibs_check_method='match_pattern /lib[^/]+(\.so\.[0-9]+\.[0-9]+|\.so|_pic\.a)$'
lt_cv_file_magic_cmd='$MAGIC_CMD'
lt_cv_file_magic_test_file=
lt_cv_ld_reload_flag=-r
lt_cv_objdir=.libs
lt_cv_path_LD=/usr/bin/ld
lt_cv_path_LDCXX=/usr/bin/ld
lt_cv_path_NM='/usr/bin/nm -B'
lt_cv_path_SED=/usr/bin/sed
lt_cv_prog_compiler_c_o=yes
lt_cv_prog_compiler_c_o_CXX=yes
lt_cv_prog_compiler_c_o_F77=yes
lt_cv_prog_compiler_rtti_exceptions=no
lt_cv_prog_gnu_ld=no
lt_cv_prog_gnu_ldcxx=yes
lt_cv_sys_global_symbol_pipe='sed -n -e '\''s/^.*[ 	]\([BCDEGRST][BCDEGRST]*\)[ 	][ 	]*\([_A-Za-z][_A-Za-z0-9]*\)$/\1 \2 \2/p'\'
lt_cv_sys_global_symbol_to_c_name_address='sed -n -e '\''s/^: \([^ ]*\) $/  {\"\1\", (lt_ptr) 0},/p'\'' -e '\''s/^[BCDEGRST] \([^ ]*\) \([^ ]*\)$/  {"\2", (lt_ptr) \&\2},/p'\'
lt_cv_sys_global_symbol_to_cdecl='sed -n -e '\''s/^. .* \(.*\)$/extern int \1;/p'\'
lt_cv_sys_max_cmd_len=196608
lt_lt_cv_prog_compiler_c_o='"yes"'
lt_lt_cv_prog_compiler_c_o_CXX='"yes"'
lt_lt_cv_prog_compiler_c_o_F77='"yes"'
lt_lt_cv_sys_global_symbol_pipe='"sed -n -e '\''s/^.*[ 	]\\([BCDEGRST][BCDEGRST]*\\)[ 	][ 	]*\\([_A-Za-z][_A-Za-z0-9]*\\)\$/\\1 \\2 \\2/p'\''"'
lt_lt_cv_sys_global_symbol_to_c_name_address='"sed -n -e '\''s/^: \\([^ ]*\\) \$/  {\\\"\\1\\\", (lt_ptr) 0},/p'\'' -e '\''s/^[BCDEGRST] \\([^ ]*\\) \\([^ ]*\\)\$/  {\"\\2\", (lt_ptr) \\&\\2},/p'\''"'
lt_lt_cv_sys_global_symbol_to_cdecl='"sed -n -e '\''s/^. .* \\(.*\\)\$/extern int \\1;/p'\''"'

## ----------------- ##
## Output variables. ##
## ----------------- ##

ACLOCAL='${SHELL} /home/oleksiyk/shotgund-1.1.7/missing --run aclocal-1.9'
ALLOCA=''
AMDEPBACKSLASH='\'
AMDEP_FALSE='#'
AMDEP_TRUE=''
AMTAR='${SHELL} /home/oleksiyk/shotgund-1.1.7/missing --run tar'
AR='ar'
AUTOCONF='${SHELL} /home/oleksiyk/shotgund-1.1.7/missing --run autoconf'
AUTOHEADER='${SHELL} /home/oleksiyk/shotgund-1.1.7/missing --run autoheader'
AUTOMAKE='${SHELL} /home/oleksiyk/shotgund-1.1.7/missing --run automake-1.9'
AWK='nawk'
CC='gcc'
CCDEPMODE='depmode=gcc3'
CFLAGS='-g -O2 -fno-exceptions -O0 -fomit-frame-pointer -fexpensive-optimizations -pipe -Werror -Wall -Winline -D_REENTRANT -D_THREAD_SAFE'
CPP='gcc -E'
CPPFLAGS=''
CXX='g++'
CXXCPP='g++ -E'
CXXDEPMODE='depmode=gcc3'
CXXFLAGS='-g -O2 -fno-exceptions -O0 -fomit-frame-pointer -fexpensive-optimizations -pipe -Werror -Wall -Winline -D_REENTRANT -D_THREAD_SAFE'
CYGPATH_W='echo'
DEFS='-DHAVE_CONFIG_H'
DEPDIR='.deps'
ECHO='/bin/echo'
ECHO_C=''ECHO_N=''
ECHO_T=''
EGREP='grep -E'
EXEEXT=''
F77='g77'
FFLAGS='-g -O2'
INSTALL_DATA='${INSTALL} -m 644'
INSTALL_PROGRAM='${INSTALL}'
INSTALL_SCRIPT='${INSTALL}'
INSTALL_STRIP_PROGRAM='${SHELL} $(install_sh) -c -s'
LDFLAGS=''
LIBOBJS=' error$U.o'
LIBS='-lpthread '
LIBTOOL='$(SHELL) $(top_builddir)/libtool'
LN_S='ln -s'
LTLIBOBJS=' error$U.lo'
MAKEINFO='${SHELL} /home/oleksiyk/shotgund-1.1.7/missing --run makeinfo'
OBJEXT='o'
PACKAGE='shotgund'
PACKAGE_BUGREPORT='oleksiy@kharkiv.com.ua'
PACKAGE_NAME='shotgund'
PACKAGE_STRING='shotgund 1.1.7'
PACKAGE_TARNAME='shotgund'
PACKAGE_VERSION='1.1.7'
PATH_SEPARATOR=':'
RANLIB='ranlib'
SET_MAKE=''
SHELL='/bin/sh'
STRIP='strip'
VERSION='1.1.7'
ac_ct_AR='ar'
ac_ct_CC='gcc'
ac_ct_CXX='g++'
ac_ct_F77='g77'
ac_ct_RANLIB='ranlib'
ac_ct_STRIP='strip'
am__fastdepCC_FALSE='#'
am__fastdepCC_TRUE=''
am__fastdepCXX_FALSE='#'
am__fastdepCXX_TRUE=''
am__include='include'
am__leading_dot='.'
am__quote=''
am__tar='${AMTAR} chof - "$$tardir"'
am__untar='${AMTAR} xf -'
bindir='${exec_prefix}/bin'
build='i386-unknown-openbsd4.1'
build_alias=''
build_cpu='i386'
build_os='openbsd4.1'
build_vendor='unknown'
datadir='${prefix}/share'
exec_prefix='${prefix}'
host='i386-unknown-openbsd4.1'
host_alias=''
host_cpu='i386'
host_os='openbsd4.1'
host_vendor='unknown'
includedir='${prefix}/include'
infodir='${prefix}/info'
install_sh='/home/oleksiyk/shotgund-1.1.7/install-sh'
libdir='${exec_prefix}/lib'
libexecdir='${exec_prefix}/libexec'
localstatedir='${prefix}/var'
mandir='${prefix}/man'
mkdir_p='$(mkinstalldirs)'
oldincludedir='/usr/include'
prefix='/usr/local'
program_transform_name='s,x,x,'
sbindir='${exec_prefix}/sbin'
sharedstatedir='${prefix}/com'
sysconfdir='${prefix}/etc'
target_alias=''

## ----------- ##
## confdefs.h. ##
## ----------- ##

#define HAVE_ALLOCA 1
#define HAVE_ARPA_INET_H 1
#define HAVE_DLFCN_H 1
#define HAVE_FCNTL_H 1
#define HAVE_INET_NTOA 1
#define HAVE_INTTYPES_H 1
#define HAVE_LIBPTHREAD 1
#define HAVE_MALLOC 1
#define HAVE_MALLOC_H 1
#define HAVE_MEMORY_H 1
#define HAVE_MEMSET 1
#define HAVE_NETINET_IN_H 1
#define HAVE_REALLOC 1
#define HAVE_SOCKET 1
#define HAVE_STDBOOL_H 1
#define HAVE_STDINT_H 1
#define HAVE_STDLIB_H 1
#define HAVE_STDLIB_H 1
#define HAVE_STDLIB_H 1
#define HAVE_STDLIB_H 1
#define HAVE_STRCASECMP 1
#define HAVE_STRDUP 1
#define HAVE_STRERROR 1
#define HAVE_STRINGS_H 1
#define HAVE_STRING_H 1
#define HAVE_STRING_H 1
#define HAVE_SYS_SOCKET_H 1
#define HAVE_SYS_STAT_H 1
#define HAVE_SYS_TIME_H 1
#define HAVE_SYS_TYPES_H 1
#define HAVE_UNISTD_H 1
#define HAVE_UNISTD_H 1
#define HAVE_VPRINTF 1
#define HAVE__BOOL 1
#define PACKAGE_BUGREPORT "oleksiy@kharkiv.com.ua"
#define PACKAGE_NAME "shotgund"
#define PACKAGE_STRING "shotgund 1.1.7"
#define PACKAGE_TARNAME "shotgund"
#define PACKAGE_VERSION "1.1.7"
#define STDC_HEADERS 1
#define STDC_HEADERS 1
#endif
#ifdef __cplusplus
extern "C" void std::exit (int) throw (); using std::exit;

configure: exit 0
